Using pre-set license
Built from '2020.3/staging' branch; Version is '2020.3.32f1 (12f8b0834f07) revision 1243312'; Using compiler version '192528614'; Build Type 'Release'
OS: 'Windows 11  (10.0.22000) 64bit CoreSingleLanguage' Language: 'en' Physical Memory: 16167 MB
BatchMode: 1, IsHumanControllingUs: 0, StartBugReporterOnCrash: 0, Is64bit: 1, IsPro: 0

COMMAND LINE ARGUMENTS:
C:\Program Files\Unity\Hub\Editor\2020.3.32f1\Editor\Unity.exe
-adb2
-batchMode
-noUpm
-name
AssetImportWorker0
-projectPath
C:/Users/ADI/Desktop/IIIT/SE/U3/SE-unity-Project-master/SE-unity-Project-master
-logFile
Logs/AssetImportWorker0.log
-srvPort
12590
Successfully changed project path to: C:/Users/ADI/Desktop/IIIT/SE/U3/SE-unity-Project-master/SE-unity-Project-master
C:/Users/ADI/Desktop/IIIT/SE/U3/SE-unity-Project-master/SE-unity-Project-master
Using Asset Import Pipeline V2.
Refreshing native plugins compatible for Editor in 58.26 ms, found 5 plugins.
Preloading 1 native plugins for Editor in 5.06 ms.
Initialize engine version: 2020.3.32f1 (12f8b0834f07)
[Subsystems] Discovering subsystems at path C:/Program Files/Unity/Hub/Editor/2020.3.32f1/Editor/Data/Resources/UnitySubsystems
[Subsystems] Discovering subsystems at path C:/Users/ADI/Desktop/IIIT/SE/U3/SE-unity-Project-master/SE-unity-Project-master/Assets
GfxDevice: creating device client; threaded=0
Direct3D:
    Version:  Direct3D 11.0 [level 11.1]
    Renderer: NVIDIA GeForce RTX 3060 Laptop GPU (ID=0x2560)
    Vendor:   
    VRAM:     6023 MB
    Driver:   30.0.14.9729
Initialize mono
Mono path[0] = 'C:/Program Files/Unity/Hub/Editor/2020.3.32f1/Editor/Data/Managed'
Mono path[1] = 'C:/Program Files/Unity/Hub/Editor/2020.3.32f1/Editor/Data/MonoBleedingEdge/lib/mono/unityjit'
Mono config path = 'C:/Program Files/Unity/Hub/Editor/2020.3.32f1/Editor/Data/MonoBleedingEdge/etc'
Using monoOptions --debugger-agent=transport=dt_socket,embedding=1,server=y,suspend=n,address=127.0.0.1:56820
Begin MonoManager ReloadAssembly
Registering precompiled unity dll's ...
Register platform support module: C:/Program Files/Unity/Hub/Editor/2020.3.32f1/Editor/Data/PlaybackEngines/WindowsStandaloneSupport/UnityEditor.WindowsStandalone.Extensions.dll
Registered in 0.003680 seconds.
Native extension for WindowsStandalone target not found
Refreshing native plugins compatible for Editor in 43.33 ms, found 5 plugins.
Preloading 1 native plugins for Editor in 0.09 ms.
Mono: successfully reloaded assembly
- Completed reload, in  0.585 seconds
Domain Reload Profiling:
	ReloadAssembly (586ms)
		BeginReloadAssembly (91ms)
			ExecutionOrderSort (0ms)
			DisableScriptedObjects (0ms)
			BackupInstance (0ms)
			ReleaseScriptingObjects (0ms)
			CreateAndSetChildDomain (1ms)
		EndReloadAssembly (425ms)
			LoadAssemblies (89ms)
			RebuildTransferFunctionScriptingTraits (0ms)
			SetupTypeCache (149ms)
			ReleaseScriptCaches (0ms)
			RebuildScriptCaches (31ms)
			SetupLoadedEditorAssemblies (152ms)
				LogAssemblyErrors (0ms)
				InitializePlatformSupportModulesInManaged (4ms)
				SetLoadedEditorAssemblies (0ms)
				RefreshPlugins (43ms)
				BeforeProcessingInitializeOnLoad (14ms)
				ProcessInitializeOnLoadAttributes (68ms)
				ProcessInitializeOnLoadMethodAttributes (23ms)
				AfterProcessingInitializeOnLoad (0ms)
				EditorAssembliesLoaded (0ms)
			ExecutionOrderSort2 (0ms)
			AwakeInstancesAfterBackupRestoration (0ms)
Platform modules already initialized, skipping
Registering precompiled user dll's ...
Registered in 0.003871 seconds.
Begin MonoManager ReloadAssembly
Symbol file LoadedFromMemory doesn't match image C:\Users\ADI\Desktop\IIIT\SE\U3\SE-unity-Project-master\SE-unity-Project-master\Library\PackageCache\com.unity.collab-proxy@1.15.15\Lib\Editor\PlasticSCM\unityplastic.dll
Native extension for WindowsStandalone target not found
Refreshing native plugins compatible for Editor in 36.01 ms, found 5 plugins.
Preloading 1 native plugins for Editor in 0.12 ms.
[XR] OculusXRPlugin: registering subsystems
[XR] Unable to register display lifecyle provider: [1]
[XR] Oculus Input lifecycle provider registered.
[XR] Unable to register input lifecyle provider: [1]
System.Reflection.TargetInvocationException: Exception has been thrown by the target of an invocation. ---> System.NullReferenceException: Object reference not set to an instance of an object
  at Unity.XR.Oculus.OculusLoader.AssetPathToAbsolutePath (System.String assetPath) [0x00048] in C:\Users\divis\Documents\IIIT Hyderabad\2nd sem\My project (1)\Library\PackageCache\com.unity.xr.oculus@1.12.0\Runtime\OculusLoader.cs:251 
  at Unity.XR.Oculus.OculusLoader.EditorLoadOVRPlugin () [0x0007b] in C:\Users\divis\Documents\IIIT Hyderabad\2nd sem\My project (1)\Library\PackageCache\com.unity.xr.oculus@1.12.0\Runtime\OculusLoader.cs:236 
  at (wrapper managed-to-native) System.Reflection.MonoMethod.InternalInvoke(System.Reflection.MonoMethod,object,object[],System.Exception&)
  at System.Reflection.MonoMethod.Invoke (System.Object obj, System.Reflection.BindingFlags invokeAttr, System.Reflection.Binder binder, System.Object[] parameters, System.Globalization.CultureInfo culture) [0x00032] in <695d1cc93cca45069c528c15c9fdd749>:0 
   --- End of inner exception stack trace ---
  at System.Reflection.MonoMethod.Invoke (System.Object obj, System.Reflection.BindingFlags invokeAttr, System.Reflection.Binder binder, System.Object[] parameters, System.Globalization.CultureInfo culture) [0x00048] in <695d1cc93cca45069c528c15c9fdd749>:0 
  at System.Reflection.MethodBase.Invoke (System.Object obj, System.Object[] parameters) [0x00000] in <695d1cc93cca45069c528c15c9fdd749>:0 
  at UnityEditor.EditorAssemblies.ProcessInitializeOnLoadMethodAttributes () [0x00047] in <294703faec74477f8b275446429fba82>:0 
UnityEngine.StackTraceUtility:ExtractStackTrace ()
UnityEngine.DebugLogHandler:LogFormat (UnityEngine.LogType,UnityEngine.Object,string,object[])
UnityEngine.Logger:Log (UnityEngine.LogType,object)
UnityEngine.Debug:LogError (object)
UnityEditor.EditorAssemblies:ProcessInitializeOnLoadMethodAttributes ()

Mono: successfully reloaded assembly
- Completed reload, in  0.931 seconds
Domain Reload Profiling:
	ReloadAssembly (932ms)
		BeginReloadAssembly (122ms)
			ExecutionOrderSort (0ms)
			DisableScriptedObjects (3ms)
			BackupInstance (0ms)
			ReleaseScriptingObjects (0ms)
			CreateAndSetChildDomain (18ms)
		EndReloadAssembly (763ms)
			LoadAssemblies (100ms)
			RebuildTransferFunctionScriptingTraits (0ms)
			SetupTypeCache (215ms)
			ReleaseScriptCaches (0ms)
			RebuildScriptCaches (36ms)
			SetupLoadedEditorAssemblies (331ms)
				LogAssemblyErrors (0ms)
				InitializePlatformSupportModulesInManaged (3ms)
				SetLoadedEditorAssemblies (0ms)
				RefreshPlugins (36ms)
				BeforeProcessingInitializeOnLoad (72ms)
				ProcessInitializeOnLoadAttributes (193ms)
				ProcessInitializeOnLoadMethodAttributes (22ms)
				AfterProcessingInitializeOnLoad (5ms)
				EditorAssembliesLoaded (0ms)
			ExecutionOrderSort2 (0ms)
			AwakeInstancesAfterBackupRestoration (4ms)
Platform modules already initialized, skipping
========================================================================
Worker process is ready to serve import requests
Launched and connected shader compiler UnityShaderCompiler.exe after 0.09 seconds
Refreshing native plugins compatible for Editor in 0.51 ms, found 5 plugins.
Preloading 1 native plugins for Editor in 0.09 ms.
Unloading 2248 Unused Serialized files (Serialized files now loaded: 0)
System memory in use before: 95.7 MB.
System memory in use after: 95.8 MB.

Unloading 21 unused Assets to reduce memory usage. Loaded Objects now: 2687.
Total: 2.768200 ms (FindLiveObjects: 0.134800 ms CreateObjectMapping: 0.035600 ms MarkObjects: 2.520500 ms  DeleteObjects: 0.076600 ms)

AssetImportParameters requested are different than current active one (requested -> active):
  custom:framework-win-MediaFoundation: 216162199b28c13a410421893ffa2e32 -> 
  custom:video-decoder-ogg-theora: a1e56fd34408186e4bbccfd4996cb3dc -> 
  custom:container-muxer-webm: aa71ff27fc2769a1b78a27578f13a17b -> 
  custom:container-demuxer-webm: 4f35f7cbe854078d1ac9338744f61a02 -> 
  custom:container-demuxer-ogg: 62fdf1f143b41e24485cea50d1cbac27 -> 
  custom:video-encoder-webm-vp8: eb34c28f22e8b96e1ab97ce403110664 -> 
  custom:video-codec-MediaFoundation-h265: 746d11721c4dcdbdad8f713fa42b33f4 -> 
  custom:video-decoder-webm-vp8: 9c59270c3fd7afecdb556c50c9e8de78 -> 
  custom:audio-decoder-ogg-vorbis: bf7c407c2cedff20999df2af8eb42d56 -> 
  custom:audio-encoder-webm-vorbis: bf7c407c2cedff20999df2af8eb42d56 -> 
========================================================================
Received Import Request.
  path: Assets/Prefab/selfpin.blend
  artifactKey: Guid(7280e86ac88e95344bc379afa95e3f62) Importer(815301076,1909f56bfc062723c751e8b465ee728b)
Start importing Assets/Prefab/selfpin.blend using Guid(7280e86ac88e95344bc379afa95e3f62) Importer(815301076,1909f56bfc062723c751e8b465ee728b)  -> (artifact id: '4ef34f4cd356419d6c326b9ae4535613') in 0.187588 seconds 
========================================================================
Received Import Request.
  Time since last request: 247.831701 seconds.
  path: Assets/Prefab/Cylinder 1.prefab
  artifactKey: Guid(dcaf98515f0ca1a4ca2586f7ce800c38) Importer(815301076,1909f56bfc062723c751e8b465ee728b)
Start importing Assets/Prefab/Cylinder 1.prefab using Guid(dcaf98515f0ca1a4ca2586f7ce800c38) Importer(815301076,1909f56bfc062723c751e8b465ee728b)  -> (artifact id: 'c2e0e177def9b779bfd8dc0e57966a6a') in 0.017227 seconds 
========================================================================
Received Import Request.
  Time since last request: 14.528480 seconds.
  path: Assets/Prefab/pincylind.prefab
  artifactKey: Guid(dcaf98515f0ca1a4ca2586f7ce800c38) Importer(815301076,1909f56bfc062723c751e8b465ee728b)
Start importing Assets/Prefab/pincylind.prefab using Guid(dcaf98515f0ca1a4ca2586f7ce800c38) Importer(815301076,1909f56bfc062723c751e8b465ee728b)  -> (artifact id: '194119f280ef8bfa86e533b72476018b') in 0.014708 seconds 
========================================================================
Received Import Request.
  Time since last request: 157.972838 seconds.
  path: Assets/Prefab/pincylind.prefab
  artifactKey: Guid(dcaf98515f0ca1a4ca2586f7ce800c38) Importer(815301076,1909f56bfc062723c751e8b465ee728b)
Start importing Assets/Prefab/pincylind.prefab using Guid(dcaf98515f0ca1a4ca2586f7ce800c38) Importer(815301076,1909f56bfc062723c751e8b465ee728b)  -> (artifact id: '340bf879a02012f907faae46e0224325') in 0.017468 seconds 
========================================================================
Received Import Request.
  Time since last request: 17.255690 seconds.
  path: Assets/Prefab/pincylind.prefab
  artifactKey: Guid(dcaf98515f0ca1a4ca2586f7ce800c38) Importer(815301076,1909f56bfc062723c751e8b465ee728b)
Start importing Assets/Prefab/pincylind.prefab using Guid(dcaf98515f0ca1a4ca2586f7ce800c38) Importer(815301076,1909f56bfc062723c751e8b465ee728b)  -> (artifact id: '76b271b9da690338ea841ef1fb96e449') in 0.015072 seconds 
========================================================================
Received Import Request.
  Time since last request: 10.600696 seconds.
  path: Assets/Prefab/pincylind.prefab
  artifactKey: Guid(dcaf98515f0ca1a4ca2586f7ce800c38) Importer(815301076,1909f56bfc062723c751e8b465ee728b)
Start importing Assets/Prefab/pincylind.prefab using Guid(dcaf98515f0ca1a4ca2586f7ce800c38) Importer(815301076,1909f56bfc062723c751e8b465ee728b)  -> (artifact id: '37672e8ccf0341e0ab2b93d0cea4bf1e') in 0.012127 seconds 
========================================================================
Received Import Request.
  Time since last request: 5.880228 seconds.
  path: Assets/Prefab/pincylind.prefab
  artifactKey: Guid(dcaf98515f0ca1a4ca2586f7ce800c38) Importer(815301076,1909f56bfc062723c751e8b465ee728b)
Start importing Assets/Prefab/pincylind.prefab using Guid(dcaf98515f0ca1a4ca2586f7ce800c38) Importer(815301076,1909f56bfc062723c751e8b465ee728b)  -> (artifact id: 'b8a844e0268dd91d72139a62ac381030') in 0.013365 seconds 
========================================================================
Received Import Request.
  Time since last request: 11.616818 seconds.
  path: Assets/Prefab/pincylind.prefab
  artifactKey: Guid(dcaf98515f0ca1a4ca2586f7ce800c38) Importer(815301076,1909f56bfc062723c751e8b465ee728b)
Start importing Assets/Prefab/pincylind.prefab using Guid(dcaf98515f0ca1a4ca2586f7ce800c38) Importer(815301076,1909f56bfc062723c751e8b465ee728b)  -> (artifact id: '4b49ca79e769f96a505534834c3eda29') in 0.014389 seconds 
AssetImportWorkerClient::OnTransportError - code=2 error=End of file
